<?xml version="1.0" encoding="UTF-8"?>
<!-- Generated by org.testng.reporters.JUnitXMLReporter -->
<testsuite ignored="0" hostname="DESKTOP-TK2TP5Q" failures="0" tests="3" name="Error Validation Test" time="39.792" errors="0" timestamp="2022-11-14T13:49:27 IST">
  <testcase classname="Selenium.SeleniumFrameworkDesignTests.ErrorValidationTest" name="OrderHistory" time="2.153"/>
  <testcase classname="Selenium.SeleniumFrameworkDesignTests.ErrorValidationTest" name="loginValidation" time="1.063"/>
  <testcase classname="Selenium.SeleniumFrameworkDesignTests.ErrorValidationTest" name="productValidation" time="4.784"/>
</testsuite> <!-- Error Validation Test -->
