<?xml version="1.0" encoding="UTF-8"?>
<!-- Generated by org.testng.reporters.JUnitXMLReporter -->
<testsuite ignored="0" hostname="DESKTOP-TK2TP5Q" failures="0" tests="3" name="ErrorValidationTest" time="20.042" errors="0" timestamp="2022-11-06T01:17:18 IST">
  <testcase classname="Selenium.SeleniumFrameworkDesignTests.ErrorValidationTest" name="OrderHistory" time="1.022"/>
  <testcase classname="Selenium.SeleniumFrameworkDesignTests.ErrorValidationTest" name="loginValidation" time="0.863"/>
  <testcase classname="Selenium.SeleniumFrameworkDesignTests.ErrorValidationTest" name="productValidation" time="2.524"/>
</testsuite> <!-- ErrorValidationTest -->
