<?xml version="1.0" encoding="UTF-8"?>
<!-- Generated by org.testng.reporters.JUnitXMLReporter -->
<testsuite ignored="0" hostname="DESKTOP-TK2TP5Q" failures="0" tests="2" name="SubmitOrderTest" time="21.743" errors="0" timestamp="2022-11-06T01:16:58 IST">
  <testcase classname="Selenium.SeleniumFrameworkDesignTests.SubmitOrderTest" name="submitOrder" time="7.319"/>
  <testcase classname="Selenium.SeleniumFrameworkDesignTests.SubmitOrderTest" name="OrderHistory" time="1.068"/>
</testsuite> <!-- SubmitOrderTest -->
