<?xml version="1.0" encoding="UTF-8"?>
<!-- Generated by org.testng.reporters.JUnitXMLReporter -->
<testsuite ignored="0" hostname="DESKTOP-TK2TP5Q" failures="0" tests="3" name="Submit Order Test" time="34.786" errors="0" timestamp="2022-11-09T14:04:55 IST">
  <testcase classname="Selenium.SeleniumFrameworkDesignTests.SubmitOrderTest" name="submitOrder" time="7.025"/>
  <testcase classname="Selenium.SeleniumFrameworkDesignTests.SubmitOrderTest" name="submitOrder" time="7.773"/>
  <testcase classname="Selenium.SeleniumFrameworkDesignTests.SubmitOrderTest" name="OrderHistory" time="0.981"/>
</testsuite> <!-- Submit Order Test -->
