<?xml version="1.0" encoding="UTF-8"?>
<!-- Generated by org.testng.reporters.JUnitXMLReporter -->
<testsuite ignored="1" hostname="DESKTOP-TK2TP5Q" failures="0" tests="2" name="Submit Order Test" time="31.753" errors="0" timestamp="2022-11-14T23:49:58 IST">
  <testcase classname="Selenium.SeleniumFrameworkDesignTests.SubmitOrderTest" name="submitOrder" time="8.905"/>
  <testcase classname="Selenium.SeleniumFrameworkDesignTests.SubmitOrderTest" name="submitOrder" time="8.505"/>
  <testcase classname="Selenium.SeleniumFrameworkDesignTests.SubmitOrderTest" name="OrderHistory" time="0.0">
    <ignored/>
  </testcase> <!-- OrderHistory -->
</testsuite> <!-- Submit Order Test -->
